<?xml version="1.0" encoding="UTF-8"?>
<!-- Generated by org.testng.reporters.JUnitXMLReporter -->
<testsuite ignored="0" hostname="Conugacia" failures="1" tests="1" name="Command line test" time="4.643" errors="0" timestamp="2022-11-20T20:34:18 MSK">
  <testcase classname="MyGloTest" name="increaseAmountOfItemByPlusButton" time="1.617">
    <failure type="java.lang.AssertionError" message="amount is not 5, its 6 expected [5] but found [6]">
      <![CDATA[java.lang.AssertionError: amount is not 5, its 6 expected [5] but found [6]
at MyGloTest.increaseAmountOfItemByPlusButton(MyGloTest.java:41)
at java.base/java.util.ArrayList.forEach(ArrayList.java:1511)
... Removed 37 stack frames]]>
    </failure>
  </testcase> <!-- increaseAmountOfItemByPlusButton -->
</testsuite> <!-- Command line test -->
